<?xml version="1.0" encoding="UTF-8"?>
<coverage generated="1704822411976" clover="3.2.0">
  <project timestamp="1704822411976" name="All files">
    <metrics statements="20" coveredstatements="20" conditionals="6" coveredconditionals="5" methods="8" coveredmethods="8" elements="34" coveredelements="33" complexity="0" loc="20" ncloc="20" packages="1" files="1" classes="1"/>
    <file name="analyzer.js" path="/Users/saraiva/lab/proj/SAP012-text-analyzer/src/analyzer.js">
      <metrics statements="20" coveredstatements="20" conditionals="6" coveredconditionals="5" methods="8" coveredmethods="8"/>
      <line num="1" count="1" type="stmt"/>
      <line num="5" count="1" type="stmt"/>
      <line num="6" count="19" type="stmt"/>
      <line num="7" count="1" type="stmt"/>
      <line num="14" count="1" type="stmt"/>
      <line num="20" count="1" type="stmt"/>
      <line num="21" count="1" type="stmt"/>
      <line num="30" count="1" type="stmt"/>
      <line num="33" count="19" type="stmt"/>
      <line num="34" count="1" type="cond" truecount="1" falsecount="1"/>
      <line num="37" count="1" type="stmt"/>
      <line num="43" count="3" type="stmt"/>
      <line num="44" count="3" type="cond" truecount="2" falsecount="0"/>
      <line num="51" count="4" type="stmt"/>
      <line num="54" count="4" type="cond" truecount="2" falsecount="0"/>
      <line num="56" count="2" type="stmt"/>
      <line num="59" count="2" type="stmt"/>
      <line num="62" count="5" type="stmt"/>
      <line num="65" count="2" type="stmt"/>
      <line num="69" count="2" type="stmt"/>
    </file>
  </project>
</coverage>
