{"/Users/saraiva/lab/proj/SAP012-text-analyzer/src/analyzer.js": {"path":"/Users/saraiva/lab/proj/SAP012-text-analyzer/src/analyzer.js","statementMap":{"0":{"start":{"line":1,"column":17},"end":{"line":72,"column":1}},"1":{"start":{"line":5,"column":18},"end":{"line":5,"column":42}},"2":{"start":{"line":6,"column":26},"end":{"line":6,"column":63}},"3":{"start":{"line":6,"column":47},"end":{"line":6,"column":62}},"4":{"start":{"line":7,"column":4},"end":{"line":7,"column":32}},"5":{"start":{"line":14,"column":4},"end":{"line":14,"column":23}},"6":{"start":{"line":20,"column":30},"end":{"line":20,"column":65}},"7":{"start":{"line":21,"column":4},"end":{"line":21,"column":35}},"8":{"start":{"line":30,"column":18},"end":{"line":30,"column":42}},"9":{"start":{"line":33,"column":28},"end":{"line":33,"column":77}},"10":{"start":{"line":33,"column":56},"end":{"line":33,"column":73}},"11":{"start":{"line":34,"column":18},"end":{"line":34,"column":53}},"12":{"start":{"line":37,"column":4},"end":{"line":37,"column":41}},"13":{"start":{"line":43,"column":24},"end":{"line":43,"column":54}},"14":{"start":{"line":44,"column":4},"end":{"line":44,"column":48}},"15":{"start":{"line":51,"column":31},"end":{"line":51,"column":61}},"16":{"start":{"line":54,"column":4},"end":{"line":70,"column":5}},"17":{"start":{"line":56,"column":18},"end":{"line":56,"column":19}},"18":{"start":{"line":59,"column":6},"end":{"line":63,"column":7}},"19":{"start":{"line":59,"column":19},"end":{"line":59,"column":20}},"20":{"start":{"line":62,"column":8},"end":{"line":62,"column":47}},"21":{"start":{"line":65,"column":6},"end":{"line":65,"column":19}},"22":{"start":{"line":69,"column":6},"end":{"line":69,"column":15}}},"fnMap":{"0":{"name":"(anonymous_0)","decl":{"start":{"line":2,"column":16},"end":{"line":2,"column":17}},"loc":{"start":{"line":2,"column":26},"end":{"line":8,"column":3}},"line":2},"1":{"name":"(anonymous_1)","decl":{"start":{"line":6,"column":39},"end":{"line":6,"column":40}},"loc":{"start":{"line":6,"column":47},"end":{"line":6,"column":62}},"line":6},"2":{"name":"(anonymous_2)","decl":{"start":{"line":10,"column":21},"end":{"line":10,"column":22}},"loc":{"start":{"line":10,"column":31},"end":{"line":15,"column":3}},"line":10},"3":{"name":"(anonymous_3)","decl":{"start":{"line":17,"column":36},"end":{"line":17,"column":37}},"loc":{"start":{"line":17,"column":46},"end":{"line":22,"column":3}},"line":17},"4":{"name":"(anonymous_4)","decl":{"start":{"line":24,"column":24},"end":{"line":24,"column":25}},"loc":{"start":{"line":24,"column":34},"end":{"line":38,"column":3}},"line":24},"5":{"name":"(anonymous_5)","decl":{"start":{"line":33,"column":41},"end":{"line":33,"column":42}},"loc":{"start":{"line":33,"column":56},"end":{"line":33,"column":73}},"line":33},"6":{"name":"(anonymous_6)","decl":{"start":{"line":40,"column":18},"end":{"line":40,"column":19}},"loc":{"start":{"line":40,"column":28},"end":{"line":45,"column":3}},"line":40},"7":{"name":"(anonymous_7)","decl":{"start":{"line":47,"column":16},"end":{"line":47,"column":17}},"loc":{"start":{"line":47,"column":26},"end":{"line":71,"column":3}},"line":47}},"branchMap":{"0":{"loc":{"start":{"line":34,"column":18},"end":{"line":34,"column":53}},"type":"binary-expr","locations":[{"start":{"line":34,"column":18},"end":{"line":34,"column":48}},{"start":{"line":34,"column":52},"end":{"line":34,"column":53}}],"line":34},"1":{"loc":{"start":{"line":44,"column":11},"end":{"line":44,"column":47}},"type":"cond-expr","locations":[{"start":{"line":44,"column":25},"end":{"line":44,"column":43}},{"start":{"line":44,"column":46},"end":{"line":44,"column":47}}],"line":44},"2":{"loc":{"start":{"line":54,"column":4},"end":{"line":70,"column":5}},"type":"if","locations":[{"start":{"line":54,"column":4},"end":{"line":70,"column":5}},{"start":{"line":68,"column":11},"end":{"line":70,"column":5}}],"line":54}},"s":{"0":1,"1":1,"2":1,"3":19,"4":1,"5":1,"6":1,"7":1,"8":1,"9":1,"10":19,"11":1,"12":1,"13":3,"14":3,"15":4,"16":4,"17":2,"18":2,"19":2,"20":5,"21":2,"22":2},"f":{"0":1,"1":19,"2":1,"3":1,"4":1,"5":19,"6":3,"7":4},"b":{"0":[1,0],"1":[2,1],"2":[2,2]},"_coverageSchema":"1a1c01bbd47fc00a2c39e90264f33305004495a9","hash":"af6e654aa5fa9605d12c6863820a9b551b1863ef"}
}
