TN:
SF:src/analyzer.js
FN:2,(anonymous_0)
FN:6,(anonymous_1)
FN:10,(anonymous_2)
FN:17,(anonymous_3)
FN:24,(anonymous_4)
FN:33,(anonymous_5)
FN:40,(anonymous_6)
FN:47,(anonymous_7)
FNF:8
FNH:8
FNDA:1,(anonymous_0)
FNDA:19,(anonymous_1)
FNDA:1,(anonymous_2)
FNDA:1,(anonymous_3)
FNDA:1,(anonymous_4)
FNDA:19,(anonymous_5)
FNDA:3,(anonymous_6)
FNDA:4,(anonymous_7)
DA:1,1
DA:5,1
DA:6,19
DA:7,1
DA:14,1
DA:20,1
DA:21,1
DA:30,1
DA:33,19
DA:34,1
DA:37,1
DA:43,3
DA:44,3
DA:51,4
DA:54,4
DA:56,2
DA:59,2
DA:62,5
DA:65,2
DA:69,2
LF:20
LH:20
BRDA:34,0,0,1
BRDA:34,0,1,0
BRDA:44,1,0,2
BRDA:44,1,1,1
BRDA:54,2,0,2
BRDA:54,2,1,2
BRF:6
BRH:5
end_of_record
